{"D:\\lzo-project\\lzo-web-project\\src\\Vue\\知识点\\测试\\unit-test-jest\\src\\components\\HelloWorld.vue": {"path":"D:\\lzo-project\\lzo-web-project\\src\\Vue\\知识点\\测试\\unit-test-jest\\src\\components\\HelloWorld.vue","statementMap":{"0":{"start":{"line":32,"column":0},"end":{"line":39,"column":null}}},"fnMap":{},"branchMap":{},"s":{"0":1},"f":{},"b":{}}
,"D:\\lzo-project\\lzo-web-project\\src\\Vue\\知识点\\测试\\unit-test-jest\\src\\utils\\traffic.js": {"path":"D:\\lzo-project\\lzo-web-project\\src\\Vue\\知识点\\测试\\unit-test-jest\\src\\utils\\traffic.js","statementMap":{"0":{"start":{"line":3,"column":4},"end":{"line":3,"column":23}},"1":{"start":{"line":7,"column":4},"end":{"line":7,"column":37}},"2":{"start":{"line":10,"column":4},"end":{"line":10,"column":47}},"3":{"start":{"line":13,"column":4},"end":{"line":13,"column":21}},"4":{"start":{"line":15,"column":4},"end":{"line":17,"column":5}},"5":{"start":{"line":16,"column":6},"end":{"line":16,"column":25}},"6":{"start":{"line":21,"column":0},"end":{"line":21,"column":29}}},"fnMap":{"0":{"name":"(anonymous_0)","decl":{"start":{"line":2,"column":2},"end":{"line":2,"column":3}},"loc":{"start":{"line":2,"column":16},"end":{"line":4,"column":3}},"line":2},"1":{"name":"(anonymous_1)","decl":{"start":{"line":6,"column":2},"end":{"line":6,"column":3}},"loc":{"start":{"line":6,"column":22},"end":{"line":8,"column":3}},"line":6},"2":{"name":"(anonymous_2)","decl":{"start":{"line":9,"column":2},"end":{"line":9,"column":3}},"loc":{"start":{"line":9,"column":14},"end":{"line":11,"column":3}},"line":9},"3":{"name":"(anonymous_3)","decl":{"start":{"line":12,"column":2},"end":{"line":12,"column":3}},"loc":{"start":{"line":12,"column":9},"end":{"line":18,"column":3}},"line":12}},"branchMap":{"0":{"loc":{"start":{"line":15,"column":4},"end":{"line":17,"column":5}},"type":"if","locations":[{"start":{"line":15,"column":4},"end":{"line":17,"column":5}},{"start":{"line":15,"column":4},"end":{"line":17,"column":5}}],"line":15}},"s":{"0":2,"1":22,"2":4,"3":6,"4":6,"5":2,"6":1},"f":{"0":2,"1":22,"2":4,"3":6},"b":{"0":[2,4]},"_coverageSchema":"43e27e138ebf9cfc5966b082cf9a028302ed4184","hash":"8ae8e4bd353aae9ea8323ec0c69d335a9e5aa2a9"}
}
