TN:
SF:D:\lzo-project\lzo-web-project\src\Vue\知识点\测试\unit-test-jest\src\components\HelloWorld.vue
FNF:0
FNH:0
DA:32,1
LF:1
LH:1
BRF:0
BRH:0
end_of_record
TN:
SF:D:\lzo-project\lzo-web-project\src\Vue\知识点\测试\unit-test-jest\src\utils\traffic.js
FN:2,(anonymous_0)
FN:6,(anonymous_1)
FN:9,(anonymous_2)
FN:12,(anonymous_3)
FNF:4
FNH:4
FNDA:2,(anonymous_0)
FNDA:22,(anonymous_1)
FNDA:4,(anonymous_2)
FNDA:6,(anonymous_3)
DA:3,2
DA:7,22
DA:10,4
DA:13,6
DA:15,6
DA:16,2
DA:21,1
LF:7
LH:7
BRDA:15,0,0,2
BRDA:15,0,1,4
BRF:2
BRH:2
end_of_record
